#
# There is insufficient memory for the Java Runtime Environment to continue.
# Native memory allocation (malloc) failed to allocate 1289040 bytes for Chunk::new
# Possible reasons:
#   The system is out of physical RAM or swap space
#   The process is running with CompressedOops enabled, and the Java Heap may be blocking the growth of the native heap
# Possible solutions:
#   Reduce memory load on the system
#   Increase physical memory or swap space
#   Check if swap backing store is full
#   Decrease Java heap size (-Xmx/-Xms)
#   Decrease number of Java threads
#   Decrease Java thread stack sizes (-Xss)
#   Set larger code cache with -XX:ReservedCodeCacheSize=
#   JVM is running with Zero Based Compressed Oops mode in which the Java heap is
#     placed in the first 32GB address space. The Java Heap base address is the
#     maximum limit for the native heap growth. Please use -XX:HeapBaseMinAddress
#     to set the Java Heap base and to place the Java Heap above 32GB virtual address.
# This output file may be truncated or incomplete.
#
#  Out of Memory Error (arena.cpp:189), pid=71736, tid=56016
#
# JRE version: Java(TM) SE Runtime Environment (17.0.4.1+1) (build 17.0.4.1+1-LTS-2)
# Java VM: Java HotSpot(TM) 64-Bit Server VM (17.0.4.1+1-LTS-2, mixed mode, sharing, tiered, compressed oops, compressed class ptrs, g1 gc, windows-amd64)
# Core dump will be written. Default location: C:\Users\10709314\Downloads\demo\JioMart\hs_err_pid71736.mdmp
#

---------------  S U M M A R Y ------------

Command Line: -javaagent:C:\Program Files\JetBrains\IntelliJ IDEA Community Edition 2022.2.3\lib\idea_rt.jar=60325:C:\Program Files\JetBrains\IntelliJ IDEA Community Edition 2022.2.3\bin -Dfile.encoding=UTF-8 com.jiomart.shop.JioMartApplication

Host: Intel(R) Xeon(R) Platinum 8272CL CPU @ 2.60GHz, 16 cores, 63G,  Windows Server 2019 , 64 bit Build 19041 (10.0.19041.2251)
Time: Mon Dec 19 17:09:28 2022 India Standard Time elapsed time: 1.991025 seconds (0d 0h 0m 1s)

---------------  T H R E A D  ---------------

Current thread (0x00000271a6910460):  JavaThread "C2 CompilerThread0" daemon [_thread_in_native, id=56016, stack(0x0000009dfd800000,0x0000009dfd900000)]


Current CompileTask:
C2:   1991 1927       4       jdk.internal.org.objectweb.asm.Frame::execute (2305 bytes)

Stack: [0x0000009dfd800000,0x0000009dfd900000]
Native frames: (J=compiled Java code, j=interpreted, Vv=VM code, C=native code)
V  [jvm.dll+0x6723ba]
V  [jvm.dll+0x7d1e34]
V  [jvm.dll+0x7d35de]
V  [jvm.dll+0x7d3c43]
V  [jvm.dll+0x243065]
V  [jvm.dll+0xaa57b]
V  [jvm.dll+0xaab0c]
V  [jvm.dll+0x360467]
V  [jvm.dll+0x1ba0c8]
V  [jvm.dll+0x2162f9]
V  [jvm.dll+0x2155c1]
V  [jvm.dll+0x1a1fcd]
V  [jvm.dll+0x224e08]
V  [jvm.dll+0x222f75]
V  [jvm.dll+0x787a0b]
V  [jvm.dll+0x781fca]
V  [jvm.dll+0x671245]
C  [ucrtbase.dll+0x21bb2]
C  [KERNEL32.DLL+0x174b4]
C  [ntdll.dll+0x526a1]


---------------  P R O C E S S  ---------------

Threads class SMR info:
_java_thread_list=0x00000271a8158b10, length=19, elements={
0x00000271e5e76040, 0x00000271a68f3270, 0x00000271a68f7d50, 0x00000271a6905f00,
0x00000271a69069c0, 0x00000271a690b6a0, 0x00000271a690f870, 0x00000271a6910460,
0x00000271a6918e20, 0x00000271a6932ee0, 0x00000271a6a17710, 0x00000271a6a1f000,
0x00000271a6a1f5c0, 0x00000271a6a1fdc0, 0x00000271a6a70b30, 0x00000271a6b3b8a0,
0x00000271a75ec910, 0x00000271a7eac3b0, 0x00000271a8416820
}

Java Threads: ( => current thread )
  0x00000271e5e76040 JavaThread "main" [_thread_in_vm, id=35416, stack(0x0000009dfcb00000,0x0000009dfcc00000)]
  0x00000271a68f3270 JavaThread "Reference Handler" daemon [_thread_blocked, id=15372, stack(0x0000009dfd200000,0x0000009dfd300000)]
  0x00000271a68f7d50 JavaThread "Finalizer" daemon [_thread_blocked, id=22720, stack(0x0000009dfd300000,0x0000009dfd400000)]
  0x00000271a6905f00 JavaThread "Signal Dispatcher" daemon [_thread_blocked, id=40532, stack(0x0000009dfd400000,0x0000009dfd500000)]
  0x00000271a69069c0 JavaThread "Attach Listener" daemon [_thread_blocked, id=40624, stack(0x0000009dfd500000,0x0000009dfd600000)]
  0x00000271a690b6a0 JavaThread "Service Thread" daemon [_thread_blocked, id=22924, stack(0x0000009dfd600000,0x0000009dfd700000)]
  0x00000271a690f870 JavaThread "Monitor Deflation Thread" daemon [_thread_blocked, id=46484, stack(0x0000009dfd700000,0x0000009dfd800000)]
=>0x00000271a6910460 JavaThread "C2 CompilerThread0" daemon [_thread_in_native, id=56016, stack(0x0000009dfd800000,0x0000009dfd900000)]
  0x00000271a6918e20 JavaThread "C1 CompilerThread0" daemon [_thread_in_vm, id=23340, stack(0x0000009dfd900000,0x0000009dfda00000)]
  0x00000271a6932ee0 JavaThread "Sweeper thread" daemon [_thread_blocked, id=59844, stack(0x0000009dfda00000,0x0000009dfdb00000)]
  0x00000271a6a17710 JavaThread "Common-Cleaner" daemon [_thread_blocked, id=73084, stack(0x0000009dfdb00000,0x0000009dfdc00000)]
  0x00000271a6a1f000 JavaThread "C1 CompilerThread1" daemon [_thread_blocked, id=37736, stack(0x0000009dfdc00000,0x0000009dfdd00000)]
  0x00000271a6a1f5c0 JavaThread "C1 CompilerThread2" daemon [_thread_blocked, id=75400, stack(0x0000009dfdd00000,0x0000009dfde00000)]
  0x00000271a6a1fdc0 JavaThread "C1 CompilerThread3" daemon [_thread_blocked, id=58500, stack(0x0000009dfde00000,0x0000009dfdf00000)]
  0x00000271a6a70b30 JavaThread "C2 CompilerThread1" daemon [_thread_in_native, id=81720, stack(0x0000009dfdf00000,0x0000009dfe000000)]
  0x00000271a6b3b8a0 JavaThread "Monitor Ctrl-Break" daemon [_thread_in_native, id=74920, stack(0x0000009dfe000000,0x0000009dfe100000)]
  0x00000271a75ec910 JavaThread "Notification Thread" daemon [_thread_blocked, id=12192, stack(0x0000009dfe100000,0x0000009dfe200000)]
  0x00000271a7eac3b0 JavaThread "C2 CompilerThread2" daemon [_thread_in_native, id=17964, stack(0x0000009dfe300000,0x0000009dfe400000)]
  0x00000271a8416820 JavaThread "background-preinit" [_thread_in_vm, id=39356, stack(0x0000009dfe400000,0x0000009dfe500000)]

Other Threads:
  0x00000271a68ef010 VMThread "VM Thread" [stack: 0x0000009dfd100000,0x0000009dfd200000] [id=49068]
  0x00000271a7535c70 WatcherThread [stack: 0x0000009dfe200000,0x0000009dfe300000] [id=35100]
  0x00000271fd7517f0 GCTaskThread "GC Thread#0" [stack: 0x0000009dfcc00000,0x0000009dfcd00000] [id=65724]
  0x00000271a86528b0 GCTaskThread "GC Thread#1" [stack: 0x0000009dfe500000,0x0000009dfe600000] [id=45524]
  0x00000271a7f92c20 GCTaskThread "GC Thread#2" [stack: 0x0000009dfe600000,0x0000009dfe700000] [id=41696]
  0x00000271a8207700 GCTaskThread "GC Thread#3" [stack: 0x0000009dfe700000,0x0000009dfe800000] [id=69724]
  0x00000271a7faac00 GCTaskThread "GC Thread#4" [stack: 0x0000009dfe800000,0x0000009dfe900000] [id=80864]
  0x00000271a81262f0 GCTaskThread "GC Thread#5" [stack: 0x0000009dfe900000,0x0000009dfea00000] [id=70464]
  0x00000271a8127650 GCTaskThread "GC Thread#6" [stack: 0x0000009dfea00000,0x0000009dfeb00000] [id=48744]
  0x00000271a8127900 GCTaskThread "GC Thread#7" [stack: 0x0000009dfeb00000,0x0000009dfec00000] [id=67284]
  0x00000271a8a4eb40 GCTaskThread "GC Thread#8" [stack: 0x0000009dfec00000,0x0000009dfed00000] [id=20956]
  0x00000271a8a4f610 GCTaskThread "GC Thread#9" [stack: 0x0000009dfed00000,0x0000009dfee00000] [id=20176]
  0x00000271a8a4f8c0 GCTaskThread "GC Thread#10" [stack: 0x0000009dfee00000,0x0000009dfef00000] [id=39628]
  0x00000271a8a4fb70 GCTaskThread "GC Thread#11" [stack: 0x0000009dfef00000,0x0000009dff000000] [id=67796]
  0x00000271a81226c0 GCTaskThread "GC Thread#12" [stack: 0x0000009dff000000,0x0000009dff100000] [id=6648]
  0x00000271e5ef5930 ConcurrentGCThread "G1 Main Marker" [stack: 0x0000009dfcd00000,0x0000009dfce00000] [id=41992]
  0x00000271e5ef69f0 ConcurrentGCThread "G1 Conc#0" [stack: 0x0000009dfce00000,0x0000009dfcf00000] [id=66552]
  0x00000271fd8b8010 ConcurrentGCThread "G1 Refine#0" [stack: 0x0000009dfcf00000,0x0000009dfd000000] [id=19288]
  0x00000271fd8b86e0 ConcurrentGCThread "G1 Service" [stack: 0x0000009dfd000000,0x0000009dfd100000] [id=83928]

Threads with active compile tasks:
C2 CompilerThread0     2061 1927       4       jdk.internal.org.objectweb.asm.Frame::execute (2305 bytes)
C1 CompilerThread0     2062 2349       3       org.springframework.asm.AnnotationVisitor::<init> (7 bytes)
C1 CompilerThread2     2062 2350       3       org.springframework.asm.AnnotationVisitor::<init> (84 bytes)
C2 CompilerThread1     2062 2309       4       java.net.URLStreamHandler::parseURL (1201 bytes)
C2 CompilerThread2     2063 2315   !   4       java.util.zip.InflaterInputStream::read (138 bytes)

VM state: not at safepoint (normal execution)

VM Mutex/Monitor currently owned by a thread:  ([mutex/lock_event])
[0x00000271e5e70810] Metaspace_lock - owner thread: 0x00000271a8416820
[0x00000271e5e72360] MethodData_lock - owner thread: 0x00000271a6918e20

Heap address: 0x0000000400000000, size: 16384 MB, Compressed Oops mode: Zero based, Oop shift amount: 3

CDS archive(s) mapped at: [0x0000000800000000-0x0000000800bc0000-0x0000000800bc0000), size 12320768, SharedBaseAddress: 0x0000000800000000, ArchiveRelocationMode: 0.
Compressed class space mapped at: 0x0000000800c00000-0x0000000840c00000, reserved size: 1073741824
Narrow klass base: 0x0000000800000000, Narrow klass shift: 0, Narrow klass range: 0x100000000

GC Precious Log:
 CPUs: 16 total, 16 available
 Memory: 65534M
 Large Page Support: Disabled
 NUMA Support: Disabled
 Compressed Oops: Enabled (Zero based)
 Heap Region Size: 8M
 Heap Min Capacity: 8M
 Heap Initial Capacity: 1G
 Heap Max Capacity: 16G
 Pre-touch: Disabled
 Parallel Workers: 13
 Concurrent Workers: 3
 Concurrent Refinement Workers: 13
 Periodic GC: Disabled

Heap:
 garbage-first heap   total 1048576K, used 32643K [0x0000000400000000, 0x0000000800000000)
  region size 8192K, 5 young (40960K), 1 survivors (8192K)
 Metaspace       used 17210K, committed 17472K, reserved 1064960K
  class space    used 2146K, committed 2304K, reserved 1048576K

Heap Regions: E=young(eden), S=young(survivor), O=old, HS=humongous(starts), HC=humongous(continues), CS=collection set, F=free, OA=open archive, CA=closed archive, TAMS=top-at-mark-start (previous, next)
|   0|0x0000000400000000, 0x0000000400000000, 0x0000000400800000|  0%| F|  |TAMS 0x0000000400000000, 0x0000000400000000| Untracked 
|   1|0x0000000400800000, 0x0000000400800000, 0x0000000401000000|  0%| F|  |TAMS 0x0000000400800000, 0x0000000400800000| Untracked 
|   2|0x0000000401000000, 0x0000000401000000, 0x0000000401800000|  0%| F|  |TAMS 0x0000000401000000, 0x0000000401000000| Untracked 
|   3|0x0000000401800000, 0x0000000401800000, 0x0000000402000000|  0%| F|  |TAMS 0x0000000401800000, 0x0000000401800000| Untracked 
|   4|0x0000000402000000, 0x0000000402000000, 0x0000000402800000|  0%| F|  |TAMS 0x0000000402000000, 0x0000000402000000| Untracked 
|   5|0x0000000402800000, 0x0000000402800000, 0x0000000403000000|  0%| F|  |TAMS 0x0000000402800000, 0x0000000402800000| Untracked 
|   6|0x0000000403000000, 0x0000000403000000, 0x0000000403800000|  0%| F|  |TAMS 0x0000000403000000, 0x0000000403000000| Untracked 
|   7|0x0000000403800000, 0x0000000403800000, 0x0000000404000000|  0%| F|  |TAMS 0x0000000403800000, 0x0000000403800000| Untracked 
|   8|0x0000000404000000, 0x0000000404000000, 0x0000000404800000|  0%| F|  |TAMS 0x0000000404000000, 0x0000000404000000| Untracked 
|   9|0x0000000404800000, 0x0000000404800000, 0x0000000405000000|  0%| F|  |TAMS 0x0000000404800000, 0x0000000404800000| Untracked 
|  10|0x0000000405000000, 0x0000000405000000, 0x0000000405800000|  0%| F|  |TAMS 0x0000000405000000, 0x0000000405000000| Untracked 
|  11|0x0000000405800000, 0x0000000405800000, 0x0000000406000000|  0%| F|  |TAMS 0x0000000405800000, 0x0000000405800000| Untracked 
|  12|0x0000000406000000, 0x0000000406000000, 0x0000000406800000|  0%| F|  |TAMS 0x0000000406000000, 0x0000000406000000| Untracked 
|  13|0x0000000406800000, 0x0000000406800000, 0x0000000407000000|  0%| F|  |TAMS 0x0000000406800000, 0x0000000406800000| Untracked 
|  14|0x0000000407000000, 0x0000000407000000, 0x0000000407800000|  0%| F|  |TAMS 0x0000000407000000, 0x0000000407000000| Untracked 
|  15|0x0000000407800000, 0x0000000407800000, 0x0000000408000000|  0%| F|  |TAMS 0x0000000407800000, 0x0000000407800000| Untracked 
|  16|0x0000000408000000, 0x0000000408000000, 0x0000000408800000|  0%| F|  |TAMS 0x0000000408000000, 0x0000000408000000| Untracked 
|  17|0x0000000408800000, 0x0000000408800000, 0x0000000409000000|  0%| F|  |TAMS 0x0000000408800000, 0x0000000408800000| Untracked 
|  18|0x0000000409000000, 0x0000000409000000, 0x0000000409800000|  0%| F|  |TAMS 0x0000000409000000, 0x0000000409000000| Untracked 
|  19|0x0000000409800000, 0x0000000409800000, 0x000000040a000000|  0%| F|  |TAMS 0x0000000409800000, 0x0000000409800000| Untracked 
|  20|0x000000040a000000, 0x000000040a000000, 0x000000040a800000|  0%| F|  |TAMS 0x000000040a000000, 0x000000040a000000| Untracked 
|  21|0x000000040a800000, 0x000000040a800000, 0x000000040b000000|  0%| F|  |TAMS 0x000000040a800000, 0x000000040a800000| Untracked 
|  22|0x000000040b000000, 0x000000040b000000, 0x000000040b800000|  0%| F|  |TAMS 0x000000040b000000, 0x000000040b000000| Untracked 
|  23|0x000000040b800000, 0x000000040b800000, 0x000000040c000000|  0%| F|  |TAMS 0x000000040b800000, 0x000000040b800000| Untracked 
|  24|0x000000040c000000, 0x000000040c000000, 0x000000040c800000|  0%| F|  |TAMS 0x000000040c000000, 0x000000040c000000| Untracked 
|  25|0x000000040c800000, 0x000000040c800000, 0x000000040d000000|  0%| F|  |TAMS 0x000000040c800000, 0x000000040c800000| Untracked 
|  26|0x000000040d000000, 0x000000040d000000, 0x000000040d800000|  0%| F|  |TAMS 0x000000040d000000, 0x000000040d000000| Untracked 
|  27|0x000000040d800000, 0x000000040d800000, 0x000000040e000000|  0%| F|  |TAMS 0x000000040d800000, 0x000000040d800000| Untracked 
|  28|0x000000040e000000, 0x000000040e000000, 0x000000040e800000|  0%| F|  |TAMS 0x000000040e000000, 0x000000040e000000| Untracked 
|  29|0x000000040e800000, 0x000000040e800000, 0x000000040f000000|  0%| F|  |TAMS 0x000000040e800000, 0x000000040e800000| Untracked 
|  30|0x000000040f000000, 0x000000040f000000, 0x000000040f800000|  0%| F|  |TAMS 0x000000040f000000, 0x000000040f000000| Untracked 
|  31|0x000000040f800000, 0x000000040f800000, 0x0000000410000000|  0%| F|  |TAMS 0x000000040f800000, 0x000000040f800000| Untracked 
|  32|0x0000000410000000, 0x0000000410000000, 0x0000000410800000|  0%| F|  |TAMS 0x0000000410000000, 0x0000000410000000| Untracked 
|  33|0x0000000410800000, 0x0000000410800000, 0x0000000411000000|  0%| F|  |TAMS 0x0000000410800000, 0x0000000410800000| Untracked 
|  34|0x0000000411000000, 0x0000000411000000, 0x0000000411800000|  0%| F|  |TAMS 0x0000000411000000, 0x0000000411000000| Untracked 
|  35|0x0000000411800000, 0x0000000411800000, 0x0000000412000000|  0%| F|  |TAMS 0x0000000411800000, 0x0000000411800000| Untracked 
|  36|0x0000000412000000, 0x0000000412000000, 0x0000000412800000|  0%| F|  |TAMS 0x0000000412000000, 0x0000000412000000| Untracked 
|  37|0x0000000412800000, 0x0000000412800000, 0x0000000413000000|  0%| F|  |TAMS 0x0000000412800000, 0x0000000412800000| Untracked 
|  38|0x0000000413000000, 0x0000000413000000, 0x0000000413800000|  0%| F|  |TAMS 0x0000000413000000, 0x0000000413000000| Untracked 
|  39|0x0000000413800000, 0x0000000413800000, 0x0000000414000000|  0%| F|  |TAMS 0x0000000413800000, 0x0000000413800000| Untracked 
|  40|0x0000000414000000, 0x0000000414000000, 0x0000000414800000|  0%| F|  |TAMS 0x0000000414000000, 0x0000000414000000| Untracked 
|  41|0x0000000414800000, 0x0000000414800000, 0x0000000415000000|  0%| F|  |TAMS 0x0000000414800000, 0x0000000414800000| Untracked 
|  42|0x0000000415000000, 0x0000000415000000, 0x0000000415800000|  0%| F|  |TAMS 0x0000000415000000, 0x0000000415000000| Untracked 
|  43|0x0000000415800000, 0x0000000415800000, 0x0000000416000000|  0%| F|  |TAMS 0x0000000415800000, 0x0000000415800000| Untracked 
|  44|0x0000000416000000, 0x0000000416000000, 0x0000000416800000|  0%| F|  |TAMS 0x0000000416000000, 0x0000000416000000| Untracked 
|  45|0x0000000416800000, 0x0000000416800000, 0x0000000417000000|  0%| F|  |TAMS 0x0000000416800000, 0x0000000416800000| Untracked 
|  46|0x0000000417000000, 0x0000000417000000, 0x0000000417800000|  0%| F|  |TAMS 0x0000000417000000, 0x0000000417000000| Untracked 
|  47|0x0000000417800000, 0x0000000417800000, 0x0000000418000000|  0%| F|  |TAMS 0x0000000417800000, 0x0000000417800000| Untracked 
|  48|0x0000000418000000, 0x0000000418000000, 0x0000000418800000|  0%| F|  |TAMS 0x0000000418000000, 0x0000000418000000| Untracked 
|  49|0x0000000418800000, 0x0000000418800000, 0x0000000419000000|  0%| F|  |TAMS 0x0000000418800000, 0x0000000418800000| Untracked 
|  50|0x0000000419000000, 0x0000000419000000, 0x0000000419800000|  0%| F|  |TAMS 0x0000000419000000, 0x0000000419000000| Untracked 
|  51|0x0000000419800000, 0x0000000419800000, 0x000000041a000000|  0%| F|  |TAMS 0x0000000419800000, 0x0000000419800000| Untracked 
|  52|0x000000041a000000, 0x000000041a000000, 0x000000041a800000|  0%| F|  |TAMS 0x000000041a000000, 0x000000041a000000| Untracked 
|  53|0x000000041a800000, 0x000000041a800000, 0x000000041b000000|  0%| F|  |TAMS 0x000000041a800000, 0x000000041a800000| Untracked 
|  54|0x000000041b000000, 0x000000041b000000, 0x000000041b800000|  0%| F|  |TAMS 0x000000041b000000, 0x000000041b000000| Untracked 
|  55|0x000000041b800000, 0x000000041b800000, 0x000000041c000000|  0%| F|  |TAMS 0x000000041b800000, 0x000000041b800000| Untracked 
|  56|0x000000041c000000, 0x000000041c000000, 0x000000041c800000|  0%| F|  |TAMS 0x000000041c000000, 0x000000041c000000| Untracked 
|  57|0x000000041c800000, 0x000000041c800000, 0x000000041d000000|  0%| F|  |TAMS 0x000000041c800000, 0x000000041c800000| Untracked 
|  58|0x000000041d000000, 0x000000041d000000, 0x000000041d800000|  0%| F|  |TAMS 0x000000041d000000, 0x000000041d000000| Untracked 
|  59|0x000000041d800000, 0x000000041d800000, 0x000000041e000000|  0%| F|  |TAMS 0x000000041d800000, 0x000000041d800000| Untracked 
|  60|0x000000041e000000, 0x000000041e000000, 0x000000041e800000|  0%| F|  |TAMS 0x000000041e000000, 0x000000041e000000| Untracked 
|  61|0x000000041e800000, 0x000000041e800000, 0x000000041f000000|  0%| F|  |TAMS 0x000000041e800000, 0x000000041e800000| Untracked 
|  62|0x000000041f000000, 0x000000041f000000, 0x000000041f800000|  0%| F|  |TAMS 0x000000041f000000, 0x000000041f000000| Untracked 
|  63|0x000000041f800000, 0x000000041f800000, 0x0000000420000000|  0%| F|  |TAMS 0x000000041f800000, 0x000000041f800000| Untracked 
|  64|0x0000000420000000, 0x0000000420000000, 0x0000000420800000|  0%| F|  |TAMS 0x0000000420000000, 0x0000000420000000| Untracked 
|  65|0x0000000420800000, 0x0000000420800000, 0x0000000421000000|  0%| F|  |TAMS 0x0000000420800000, 0x0000000420800000| Untracked 
|  66|0x0000000421000000, 0x0000000421000000, 0x0000000421800000|  0%| F|  |TAMS 0x0000000421000000, 0x0000000421000000| Untracked 
|  67|0x0000000421800000, 0x0000000421800000, 0x0000000422000000|  0%| F|  |TAMS 0x0000000421800000, 0x0000000421800000| Untracked 
|  68|0x0000000422000000, 0x0000000422000000, 0x0000000422800000|  0%| F|  |TAMS 0x0000000422000000, 0x0000000422000000| Untracked 
|  69|0x0000000422800000, 0x0000000422800000, 0x0000000423000000|  0%| F|  |TAMS 0x0000000422800000, 0x0000000422800000| Untracked 
|  70|0x0000000423000000, 0x0000000423000000, 0x0000000423800000|  0%| F|  |TAMS 0x0000000423000000, 0x0000000423000000| Untracked 
|  71|0x0000000423800000, 0x0000000423800000, 0x0000000424000000|  0%| F|  |TAMS 0x0000000423800000, 0x0000000423800000| Untracked 
|  72|0x0000000424000000, 0x0000000424000000, 0x0000000424800000|  0%| F|  |TAMS 0x0000000424000000, 0x0000000424000000| Untracked 
|  73|0x0000000424800000, 0x0000000424800000, 0x0000000425000000|  0%| F|  |TAMS 0x0000000424800000, 0x0000000424800000| Untracked 
|  74|0x0000000425000000, 0x0000000425000000, 0x0000000425800000|  0%| F|  |TAMS 0x0000000425000000, 0x0000000425000000| Untracked 
|  75|0x0000000425800000, 0x0000000425800000, 0x0000000426000000|  0%| F|  |TAMS 0x0000000425800000, 0x0000000425800000| Untracked 
|  76|0x0000000426000000, 0x0000000426000000, 0x0000000426800000|  0%| F|  |TAMS 0x0000000426000000, 0x0000000426000000| Untracked 
|  77|0x0000000426800000, 0x0000000426800000, 0x0000000427000000|  0%| F|  |TAMS 0x0000000426800000, 0x0000000426800000| Untracked 
|  78|0x0000000427000000, 0x0000000427000000, 0x0000000427800000|  0%| F|  |TAMS 0x0000000427000000, 0x0000000427000000| Untracked 
|  79|0x0000000427800000, 0x0000000427800000, 0x0000000428000000|  0%| F|  |TAMS 0x0000000427800000, 0x0000000427800000| Untracked 
|  80|0x0000000428000000, 0x0000000428000000, 0x0000000428800000|  0%| F|  |TAMS 0x0000000428000000, 0x0000000428000000| Untracked 
|  81|0x0000000428800000, 0x0000000428800000, 0x0000000429000000|  0%| F|  |TAMS 0x0000000428800000, 0x0000000428800000| Untracked 
|  82|0x0000000429000000, 0x0000000429000000, 0x0000000429800000|  0%| F|  |TAMS 0x0000000429000000, 0x0000000429000000| Untracked 
|  83|0x0000000429800000, 0x0000000429800000, 0x000000042a000000|  0%| F|  |TAMS 0x0000000429800000, 0x0000000429800000| Untracked 
|  84|0x000000042a000000, 0x000000042a000000, 0x000000042a800000|  0%| F|  |TAMS 0x000000042a000000, 0x000000042a000000| Untracked 
|  85|0x000000042a800000, 0x000000042a800000, 0x000000042b000000|  0%| F|  |TAMS 0x000000042a800000, 0x000000042a800000| Untracked 
|  86|0x000000042b000000, 0x000000042b000000, 0x000000042b800000|  0%| F|  |TAMS 0x000000042b000000, 0x000000042b000000| Untracked 
|  87|0x000000042b800000, 0x000000042b800000, 0x000000042c000000|  0%| F|  |TAMS 0x000000042b800000, 0x000000042b800000| Untracked 
|  88|0x000000042c000000, 0x000000042c000000, 0x000000042c800000|  0%| F|  |TAMS 0x000000042c000000, 0x000000042c000000| Untracked 
|  89|0x000000042c800000, 0x000000042c800000, 0x000000042d000000|  0%| F|  |TAMS 0x000000042c800000, 0x000000042c800000| Untracked 
|  90|0x000000042d000000, 0x000000042d000000, 0x000000042d800000|  0%| F|  |TAMS 0x000000042d000000, 0x000000042d000000| Untracked 
|  91|0x000000042d800000, 0x000000042d800000, 0x000000042e000000|  0%| F|  |TAMS 0x000000042d800000, 0x000000042d800000| Untracked 
|  92|0x000000042e000000, 0x000000042e000000, 0x000000042e800000|  0%| F|  |TAMS 0x000000042e000000, 0x000000042e000000| Untracked 
|  93|0x000000042e800000, 0x000000042e800000, 0x000000042f000000|  0%| F|  |TAMS 0x000000042e800000, 0x000000042e800000| Untracked 
|  94|0x000000042f000000, 0x000000042f000000, 0x000000042f800000|  0%| F|  |TAMS 0x000000042f000000, 0x000000042f000000| Untracked 
|  95|0x000000042f800000, 0x000000042f800000, 0x0000000430000000|  0%| F|  |TAMS 0x000000042f800000, 0x000000042f800000| Untracked 
|  96|0x0000000430000000, 0x0000000430000000, 0x0000000430800000|  0%| F|  |TAMS 0x0000000430000000, 0x0000000430000000| Untracked 
|  97|0x0000000430800000, 0x0000000430800000, 0x0000000431000000|  0%| F|  |TAMS 0x0000000430800000, 0x0000000430800000| Untracked 
|  98|0x0000000431000000, 0x0000000431000000, 0x0000000431800000|  0%| F|  |TAMS 0x0000000431000000, 0x0000000431000000| Untracked 
|  99|0x0000000431800000, 0x0000000431800000, 0x0000000432000000|  0%| F|  |TAMS 0x0000000431800000, 0x0000000431800000| Untracked 
| 100|0x0000000432000000, 0x0000000432000000, 0x0000000432800000|  0%| F|  |TAMS 0x0000000432000000, 0x0000000432000000| Untracked 
| 101|0x0000000432800000, 0x0000000432800000, 0x0000000433000000|  0%| F|  |TAMS 0x0000000432800000, 0x0000000432800000| Untracked 
| 102|0x0000000433000000, 0x0000000433000000, 0x0000000433800000|  0%| F|  |TAMS 0x0000000433000000, 0x0000000433000000| Untracked 
| 103|0x0000000433800000, 0x0000000433800000, 0x0000000434000000|  0%| F|  |TAMS 0x0000000433800000, 0x0000000433800000| Untracked 
| 104|0x0000000434000000, 0x0000000434000000, 0x0000000434800000|  0%| F|  |TAMS 0x0000000434000000, 0x0000000434000000| Untracked 
| 105|0x0000000434800000, 0x0000000434800000, 0x0000000435000000|  0%| F|  |TAMS 0x0000000434800000, 0x0000000434800000| Untracked 
| 106|0x0000000435000000, 0x0000000435000000, 0x0000000435800000|  0%| F|  |TAMS 0x0000000435000000, 0x0000000435000000| Untracked 
| 107|0x0000000435800000, 0x0000000435800000, 0x0000000436000000|  0%| F|  |TAMS 0x0000000435800000, 0x0000000435800000| Untracked 
| 108|0x0000000436000000, 0x0000000436000000, 0x0000000436800000|  0%| F|  |TAMS 0x0000000436000000, 0x0000000436000000| Untracked 
| 109|0x0000000436800000, 0x0000000436800000, 0x0000000437000000|  0%| F|  |TAMS 0x0000000436800000, 0x0000000436800000| Untracked 
| 110|0x0000000437000000, 0x0000000437000000, 0x0000000437800000|  0%| F|  |TAMS 0x0000000437000000, 0x0000000437000000| Untracked 
| 111|0x0000000437800000, 0x0000000437800000, 0x0000000438000000|  0%| F|  |TAMS 0x0000000437800000, 0x0000000437800000| Untracked 
| 112|0x0000000438000000, 0x0000000438000000, 0x0000000438800000|  0%| F|  |TAMS 0x0000000438000000, 0x0000000438000000| Untracked 
| 113|0x0000000438800000, 0x0000000438800000, 0x0000000439000000|  0%| F|  |TAMS 0x0000000438800000, 0x0000000438800000| Untracked 
| 114|0x0000000439000000, 0x0000000439000000, 0x0000000439800000|  0%| F|  |TAMS 0x0000000439000000, 0x0000000439000000| Untracked 
| 115|0x0000000439800000, 0x0000000439800000, 0x000000043a000000|  0%| F|  |TAMS 0x0000000439800000, 0x0000000439800000| Untracked 
| 116|0x000000043a000000, 0x000000043a000000, 0x000000043a800000|  0%| F|  |TAMS 0x000000043a000000, 0x000000043a000000| Untracked 
| 117|0x000000043a800000, 0x000000043a800000, 0x000000043b000000|  0%| F|  |TAMS 0x000000043a800000, 0x000000043a800000| Untracked 
| 118|0x000000043b000000, 0x000000043b000000, 0x000000043b800000|  0%| F|  |TAMS 0x000000043b000000, 0x000000043b000000| Untracked 
| 119|0x000000043b800000, 0x000000043b800000, 0x000000043c000000|  0%| F|  |TAMS 0x000000043b800000, 0x000000043b800000| Untracked 
| 120|0x000000043c000000, 0x000000043c000000, 0x000000043c800000|  0%| F|  |TAMS 0x000000043c000000, 0x000000043c000000| Untracked 
| 121|0x000000043c800000, 0x000000043cfe0eb0, 0x000000043d000000| 98%| S|CS|TAMS 0x000000043c800000, 0x000000043c800000| Complete 
| 122|0x000000043d000000, 0x000000043d000000, 0x000000043d800000|  0%| F|  |TAMS 0x000000043d000000, 0x000000043d000000| Untracked 
| 123|0x000000043d800000, 0x000000043d800000, 0x000000043e000000|  0%| F|  |TAMS 0x000000043d800000, 0x000000043d800000| Untracked 
| 124|0x000000043e000000, 0x000000043e2ced40, 0x000000043e800000| 35%| E|  |TAMS 0x000000043e000000, 0x000000043e000000| Complete 
| 125|0x000000043e800000, 0x000000043f000000, 0x000000043f000000|100%| E|CS|TAMS 0x000000043e800000, 0x000000043e800000| Complete 
| 126|0x000000043f000000, 0x000000043f800000, 0x000000043f800000|100%| E|CS|TAMS 0x000000043f000000, 0x000000043f000000| Complete 
| 127|0x000000043f800000, 0x0000000440000000, 0x0000000440000000|100%| E|CS|TAMS 0x000000043f800000, 0x000000043f800000| Complete 

Card table byte_map: [0x0000027180000000,0x0000027182000000] _byte_map_base: 0x000002717e000000

Marking Bits (Prev, Next): (CMBitMap*) 0x00000271e5ee5240, (CMBitMap*) 0x00000271e5ee5280
 Prev Bits: [0x0000027184000000, 0x0000027194000000)
 Next Bits: [0x0000027194000000, 0x00000271a4000000)

Polling page: 0x00000271e45c0000

Metaspace:

Usage:
  Non-class:     14.71 MB used.
      Class:      2.10 MB used.
       Both:     16.81 MB used.

Virtual space:
  Non-class space:       16.00 MB reserved,      14.81 MB ( 93%) committed,  2 nodes.
      Class space:        1.00 GB reserved,       2.25 MB ( <1%) committed,  1 nodes.
             Both:        1.02 GB reserved,      17.06 MB (  2%) committed. 

Chunk freelists:
   Non-Class:  1.12 MB
       Class:  1.81 MB
        Both:  2.93 MB

MaxMetaspaceSize: unlimited
CompressedClassSpaceSize: 1.00 GB
Initial GC threshold: 21.00 MB
Current GC threshold: 21.00 MB
CDS: on
MetaspaceReclaimPolicy: balanced
 - commit_granule_bytes: 65536.
 - commit_granule_words: 8192.
 - virtual_space_node_default_size: 1048576.
 - enlarge_chunks_in_place: 1.
 - new_chunks_are_fully_committed: 0.
 - uncommit_free_chunks: 1.
 - use_allocation_guard: 0.
 - handle_deallocations: 1.


Internal statistics:

num_allocs_failed_limit: 0.
num_arena_births: 160.
num_arena_deaths: 0.
num_vsnodes_births: 3.
num_vsnodes_deaths: 0.
num_space_committed: 273.
num_space_uncommitted: 0.
num_chunks_returned_to_freelist: 0.
num_chunks_taken_from_freelist: 707.
num_chunk_merges: 0.
num_chunk_splits: 484.
num_chunks_enlarged: 398.
num_purges: 0.
num_inconsistent_stats: 0.

CodeHeap 'non-profiled nmethods': size=119168Kb used=890Kb max_used=890Kb free=118277Kb
 bounds [0x00000271f52a0000, 0x00000271f5510000, 0x00000271fc700000]
CodeHeap 'profiled nmethods': size=119104Kb used=4673Kb max_used=4673Kb free=114431Kb
 bounds [0x00000271ede50000, 0x00000271ee2f0000, 0x00000271f52a0000]
CodeHeap 'non-nmethods': size=7488Kb used=2881Kb max_used=2913Kb free=4607Kb
 bounds [0x00000271ed700000, 0x00000271ed9e0000, 0x00000271ede50000]
 total_blobs=2818 nmethods=2344 adapters=383
 compilation: enabled
              stopped_count=0, restarted_count=0
 full_count=0

Compilation events (20 events):
Event: 1.978 Thread 0x00000271a6a70b30 nmethod 2277 0x00000271f5373a10 code [0x00000271f5373c40, 0x00000271f53742f0]
Event: 1.978 Thread 0x00000271a6a1f5c0 2296       3       org.springframework.core.annotation.TypeMappedAnnotation::<init> (15 bytes)
Event: 1.978 Thread 0x00000271a6a1f000 2297       3       org.springframework.core.annotation.TypeMappedAnnotation::<init> (112 bytes)
Event: 1.978 Thread 0x00000271a6a1fdc0 2298       3       java.io.WinNTFileSystem::normalizePrefix (132 bytes)
Event: 1.978 Thread 0x00000271a6918e20 2300       3       org.springframework.asm.Type::getClassName (172 bytes)
Event: 1.978 Thread 0x00000271a6a1f5c0 nmethod 2296 0x00000271ee2bbf10 code [0x00000271ee2bc0a0, 0x00000271ee2bc1e8]
Event: 1.978 Thread 0x00000271a6a1f5c0 2299       3       org.springframework.asm.Type::getTypeInternal (218 bytes)
Event: 1.979 Thread 0x00000271a6a70b30 2304       4       java.lang.String::getChars (54 bytes)
Event: 1.980 Thread 0x00000271a6a1f000 nmethod 2297 0x00000271ee2bc290 code [0x00000271ee2bc4e0, 0x00000271ee2bd0c8]
Event: 1.980 Thread 0x00000271a6a1f000 2301       1       org.springframework.core.annotation.TypeMappedAnnotation::getAggregateIndex (5 bytes)
Event: 1.981 Thread 0x00000271a6a1f000 nmethod 2301 0x00000271f5374710 code [0x00000271f53748a0, 0x00000271f5374978]
Event: 1.981 Thread 0x00000271a6a1f000 2305       3       jdk.internal.reflect.DelegatingMethodAccessorImpl::invoke (10 bytes)
Event: 1.981 Thread 0x00000271a6a1f5c0 nmethod 2299 0x00000271ee2bd490 code [0x00000271ee2bd7c0, 0x00000271ee2beb18]
Event: 1.982 Thread 0x00000271a6a1f5c0 2302       3       java.util.LinkedHashMap::<init> (11 bytes)
Event: 1.982 Thread 0x00000271a6a1f000 nmethod 2305 0x00000271ee2c1010 code [0x00000271ee2c11c0, 0x00000271ee2c13a8]
Event: 1.982 Thread 0x00000271a6a1f000 2303       3       org.springframework.core.annotation.AbstractMergedAnnotation::isDirectlyPresent (20 bytes)
Event: 1.983 Thread 0x00000271a6918e20 nmethod 2300 0x00000271ee2bf110 code [0x00000271ee2bf4a0, 0x00000271ee2c0948]
Event: 1.983 Thread 0x00000271a6a1f5c0 nmethod 2302 0x00000271ee2c1490 code [0x00000271ee2c1660, 0x00000271ee2c1828]
Event: 1.983 Thread 0x00000271a6a1f000 nmethod 2303 0x00000271ee2c1910 code [0x00000271ee2c1ac0, 0x00000271ee2c1df8]
Event: 1.985 Thread 0x00000271a6a1fdc0 nmethod 2298 0x00000271ee2c1e90 code [0x00000271ee2c22c0, 0x00000271ee2c4368]

GC Heap History (2 events):
Event: 1.535 GC heap before
{Heap before GC invocations=0 (full 0):
 garbage-first heap   total 1048576K, used 49152K [0x0000000400000000, 0x0000000800000000)
  region size 8192K, 6 young (49152K), 0 survivors (0K)
 Metaspace       used 11552K, committed 11712K, reserved 1064960K
  class space    used 1492K, committed 1536K, reserved 1048576K
}
Event: 1.546 GC heap after
{Heap after GC invocations=1 (full 0):
 garbage-first heap   total 1048576K, used 8067K [0x0000000400000000, 0x0000000800000000)
  region size 8192K, 1 young (8192K), 1 survivors (8192K)
 Metaspace       used 11552K, committed 11712K, reserved 1064960K
  class space    used 1492K, committed 1536K, reserved 1048576K
}

Deoptimization events (20 events):
Event: 1.926 Thread 0x00000271e5e76040 DEOPT PACKING pc=0x00000271edf91465 sp=0x0000009dfcbfe420
Event: 1.926 Thread 0x00000271e5e76040 DEOPT UNPACKING pc=0x00000271ed756763 sp=0x0000009dfcbfd910 mode 0
Event: 1.926 Thread 0x00000271e5e76040 DEOPT PACKING pc=0x00000271edf887e6 sp=0x0000009dfcbfe450
Event: 1.926 Thread 0x00000271e5e76040 DEOPT UNPACKING pc=0x00000271ed756763 sp=0x0000009dfcbfd918 mode 0
Event: 1.926 Thread 0x00000271e5e76040 DEOPT PACKING pc=0x00000271edf91465 sp=0x0000009dfcbfe420
Event: 1.926 Thread 0x00000271e5e76040 DEOPT UNPACKING pc=0x00000271ed756763 sp=0x0000009dfcbfd910 mode 0
Event: 1.926 Thread 0x00000271e5e76040 DEOPT PACKING pc=0x00000271edf887e6 sp=0x0000009dfcbfe450
Event: 1.926 Thread 0x00000271e5e76040 DEOPT UNPACKING pc=0x00000271ed756763 sp=0x0000009dfcbfd918 mode 0
Event: 1.926 Thread 0x00000271e5e76040 DEOPT PACKING pc=0x00000271edf91465 sp=0x0000009dfcbfe420
Event: 1.926 Thread 0x00000271e5e76040 DEOPT UNPACKING pc=0x00000271ed756763 sp=0x0000009dfcbfd910 mode 0
Event: 1.927 Thread 0x00000271e5e76040 DEOPT PACKING pc=0x00000271ee26faf6 sp=0x0000009dfcbfe2e0
Event: 1.927 Thread 0x00000271e5e76040 DEOPT UNPACKING pc=0x00000271ed756763 sp=0x0000009dfcbfd7f0 mode 0
Event: 1.927 Thread 0x00000271e5e76040 DEOPT PACKING pc=0x00000271edf887e6 sp=0x0000009dfcbfe450
Event: 1.927 Thread 0x00000271e5e76040 DEOPT UNPACKING pc=0x00000271ed756763 sp=0x0000009dfcbfd918 mode 0
Event: 1.927 Thread 0x00000271e5e76040 DEOPT PACKING pc=0x00000271edf91465 sp=0x0000009dfcbfe420
Event: 1.927 Thread 0x00000271e5e76040 DEOPT UNPACKING pc=0x00000271ed756763 sp=0x0000009dfcbfd910 mode 0
Event: 1.928 Thread 0x00000271e5e76040 DEOPT PACKING pc=0x00000271edf887e6 sp=0x0000009dfcbfe450
Event: 1.928 Thread 0x00000271e5e76040 DEOPT UNPACKING pc=0x00000271ed756763 sp=0x0000009dfcbfd918 mode 0
Event: 1.928 Thread 0x00000271e5e76040 DEOPT PACKING pc=0x00000271ee26fad5 sp=0x0000009dfcbfe480
Event: 1.928 Thread 0x00000271e5e76040 DEOPT UNPACKING pc=0x00000271ed756763 sp=0x0000009dfcbfd9a8 mode 0

Classes unloaded (0 events):
No events

Classes redefined (0 events):
No events

Internal exceptions (20 events):
Event: 1.402 Thread 0x00000271e5e76040 Exception <a 'java/lang/NoSuchMethodError'{0x000000043d105988}: 'org.slf4j.impl.StaticMDCBinder org.slf4j.impl.StaticMDCBinder.getSingleton()'> (0x000000043d105988) 
thrown [s\open\src\hotspot\share\interpreter\linkResolver.cpp, line 759]
Event: 1.577 Thread 0x00000271e5e76040 Exception <a 'java/lang/ClassNotFoundException'{0x000000043f9ca410}: java/lang/ObjectCustomizer> (0x000000043f9ca410) 
thrown [s\open\src\hotspot\share\classfile\systemDictionary.cpp, line 256]
Event: 1.580 Thread 0x00000271e5e76040 Exception <a 'java/lang/IncompatibleClassChangeError'{0x000000043f9cf2b0}: Found class java.lang.Object, but interface was expected> (0x000000043f9cf2b0) 
thrown [s\open\src\hotspot\share\interpreter\linkResolver.cpp, line 826]
Event: 1.586 Thread 0x00000271e5e76040 Exception <a 'java/lang/ClassNotFoundException'{0x000000043f9e76d8}: org/springframework/context/annotation/ConfigurationClassPostProcessorCustomizer> (0x000000043f9e76d8) 
thrown [s\open\src\hotspot\share\classfile\systemDictionary.cpp, line 256]
Event: 1.589 Thread 0x00000271e5e76040 Exception <a 'java/lang/ClassNotFoundException'{0x000000043fa05680}: org/springframework/beans/factory/support/BeanDefinitionRegistryPostProcessorCustomizer> (0x000000043fa05680) 
thrown [s\open\src\hotspot\share\classfile\systemDictionary.cpp, line 256]
Event: 1.589 Thread 0x00000271e5e76040 Exception <a 'java/lang/ClassNotFoundException'{0x000000043fa09c10}: org/springframework/beans/factory/config/BeanFactoryPostProcessorCustomizer> (0x000000043fa09c10) 
thrown [s\open\src\hotspot\share\classfile\systemDictionary.cpp, line 256]
Event: 1.590 Thread 0x00000271e5e76040 Exception <a 'java/lang/ClassNotFoundException'{0x000000043fa0e018}: org/springframework/core/PriorityOrderedCustomizer> (0x000000043fa0e018) 
thrown [s\open\src\hotspot\share\classfile\systemDictionary.cpp, line 256]
Event: 1.590 Thread 0x00000271e5e76040 Exception <a 'java/lang/ClassNotFoundException'{0x000000043fa110b8}: org/springframework/core/OrderedCustomizer> (0x000000043fa110b8) 
thrown [s\open\src\hotspot\share\classfile\systemDictionary.cpp, line 256]
Event: 1.591 Thread 0x00000271e5e76040 Exception <a 'java/lang/ClassNotFoundException'{0x000000043fa15300}: org/springframework/context/ResourceLoaderAwareCustomizer> (0x000000043fa15300) 
thrown [s\open\src\hotspot\share\classfile\systemDictionary.cpp, line 256]
Event: 1.591 Thread 0x00000271e5e76040 Exception <a 'java/lang/ClassNotFoundException'{0x000000043fa196f0}: org/springframework/beans/factory/AwareCustomizer> (0x000000043fa196f0) 
thrown [s\open\src\hotspot\share\classfile\systemDictionary.cpp, line 256]
Event: 1.591 Thread 0x00000271e5e76040 Exception <a 'java/lang/ClassNotFoundException'{0x000000043fa1ca78}: org/springframework/context/ApplicationStartupAwareCustomizer> (0x000000043fa1ca78) 
thrown [s\open\src\hotspot\share\classfile\systemDictionary.cpp, line 256]
Event: 1.592 Thread 0x00000271e5e76040 Exception <a 'java/lang/ClassNotFoundException'{0x000000043fa210f0}: org/springframework/beans/factory/AwareCustomizer> (0x000000043fa210f0) 
thrown [s\open\src\hotspot\share\classfile\systemDictionary.cpp, line 256]
Event: 1.592 Thread 0x00000271e5e76040 Exception <a 'java/lang/ClassNotFoundException'{0x000000043fa24490}: org/springframework/beans/factory/BeanClassLoaderAwareCustomizer> (0x000000043fa24490) 
thrown [s\open\src\hotspot\share\classfile\systemDictionary.cpp, line 256]
Event: 1.593 Thread 0x00000271e5e76040 Exception <a 'java/lang/ClassNotFoundException'{0x000000043fa28868}: org/springframework/beans/factory/AwareCustomizer> (0x000000043fa28868) 
thrown [s\open\src\hotspot\share\classfile\systemDictionary.cpp, line 256]
Event: 1.593 Thread 0x00000271e5e76040 Exception <a 'java/lang/ClassNotFoundException'{0x000000043fa2b9c8}: org/springframework/context/EnvironmentAwareCustomizer> (0x000000043fa2b9c8) 
thrown [s\open\src\hotspot\share\classfile\systemDictionary.cpp, line 256]
Event: 1.593 Thread 0x00000271e5e76040 Exception <a 'java/lang/ClassNotFoundException'{0x000000043fa2fd38}: org/springframework/beans/factory/AwareCustomizer> (0x000000043fa2fd38) 
thrown [s\open\src\hotspot\share\classfile\systemDictionary.cpp, line 256]
Event: 1.632 Thread 0x00000271e5e76040 Exception <a 'java/lang/NoSuchMethodError'{0x000000043fe867b8}: 'java.lang.Object java.lang.invoke.DirectMethodHandle$Holder.invokeVirtual(java.lang.Object, java.lang.Object, java.lang.Object)'> (0x000000043fe867b8) 
thrown [s\open\src\hotspot\share\interpreter\linkResolver.cpp, line 759]
Event: 1.814 Thread 0x00000271a8416820 Exception <a 'java/lang/NoSuchMethodError'{0x000000043f4f90e8}: 'java.lang.Object java.lang.invoke.DirectMethodHandle$Holder.invokeStaticInit(java.lang.Object, java.lang.Object, java.lang.Object)'> (0x000000043f4f90e8) 
thrown [s\open\src\hotspot\share\interpreter\linkResolver.cpp, line 759]
Event: 1.815 Thread 0x00000271a8416820 Exception <a 'java/lang/NoSuchMethodError'{0x000000043f4fefd8}: 'java.lang.Object java.lang.invoke.DirectMethodHandle$Holder.invokeStaticInit(java.lang.Object, java.lang.Object, java.lang.Object, java.lang.Object, java.lang.Object)'> (0x000000043f4fefd8) 
thrown [s\open\src\hotspot\share\interpreter\linkResolver.cpp, line 759]
Event: 1.916 Thread 0x00000271e5e76040 Exception <a 'java/lang/IncompatibleClassChangeError'{0x000000043ebe9108}: Found class java.lang.Object, but interface was expected> (0x000000043ebe9108) 
thrown [s\open\src\hotspot\share\interpreter\linkResolver.cpp, line 826]

VM Operations (20 events):
Event: 0.757 Executing VM operation: HandshakeAllThreads
Event: 0.757 Executing VM operation: HandshakeAllThreads done
Event: 0.912 Executing VM operation: ICBufferFull
Event: 0.912 Executing VM operation: ICBufferFull done
Event: 1.023 Executing VM operation: HandshakeAllThreads
Event: 1.023 Executing VM operation: HandshakeAllThreads done
Event: 1.385 Executing VM operation: ICBufferFull
Event: 1.385 Executing VM operation: ICBufferFull done
Event: 1.470 Executing VM operation: HandshakeAllThreads
Event: 1.470 Executing VM operation: HandshakeAllThreads done
Event: 1.471 Executing VM operation: HandshakeAllThreads
Event: 1.471 Executing VM operation: HandshakeAllThreads done
Event: 1.487 Executing VM operation: HandshakeAllThreads
Event: 1.487 Executing VM operation: HandshakeAllThreads done
Event: 1.525 Executing VM operation: HandshakeAllThreads
Event: 1.525 Executing VM operation: HandshakeAllThreads done
Event: 1.535 Executing VM operation: G1CollectForAllocation
Event: 1.546 Executing VM operation: G1CollectForAllocation done
Event: 1.617 Executing VM operation: HandshakeAllThreads
Event: 1.617 Executing VM operation: HandshakeAllThreads done

Events (20 events):
Event: 1.868 loading class com/sun/org/apache/xalan/internal/utils/FeaturePropertyBase
Event: 1.868 loading class com/sun/org/apache/xalan/internal/utils/FeaturePropertyBase done
Event: 1.868 loading class com/sun/org/apache/xalan/internal/utils/XMLSecurityPropertyManager done
Event: 1.868 loading class com/sun/org/apache/xalan/internal/utils/FeaturePropertyBase$State
Event: 1.868 loading class com/sun/org/apache/xalan/internal/utils/FeaturePropertyBase$State done
Event: 1.868 loading class com/sun/org/apache/xalan/internal/utils/XMLSecurityPropertyManager$Property
Event: 1.869 loading class com/sun/org/apache/xalan/internal/utils/XMLSecurityPropertyManager$Property done
Event: 1.869 loading class jdk/xml/internal/XMLSecurityManager
Event: 1.869 loading class jdk/xml/internal/XMLSecurityManager done
Event: 1.869 loading class jdk/xml/internal/XMLSecurityManager$Limit
Event: 1.869 loading class jdk/xml/internal/XMLSecurityManager$Limit done
Event: 1.870 loading class jdk/xml/internal/XMLSecurityManager$Processor
Event: 1.870 loading class jdk/xml/internal/XMLSecurityManager$Processor done
Event: 1.870 loading class jdk/xml/internal/XMLSecurityManager$NameMap
Event: 1.870 loading class jdk/xml/internal/XMLSecurityManager$NameMap done
Event: 1.870 loading class jdk/xml/internal/JdkProperty
Event: 1.871 loading class jdk/xml/internal/JdkProperty done
Event: 1.877 Thread 0x00000271a8deb960 Thread exited: 0x00000271a8deb960
Event: 1.954 loading class java/beans/ConstructorProperties
Event: 1.955 loading class java/beans/ConstructorProperties done


Dynamic libraries:
0x00007ff683730000 - 0x00007ff683740000 	C:\Program Files\Java\jdk-17.0.4.1\bin\java.exe
0x00007ffbbf070000 - 0x00007ffbbf268000 	C:\Windows\SYSTEM32\ntdll.dll
0x00007ffbbef50000 - 0x00007ffbbf00f000 	C:\Windows\System32\KERNEL32.DLL
0x00007ffbbca90000 - 0x00007ffbbcd62000 	C:\Windows\System32\KERNELBASE.dll
0x00007ffbbc900000 - 0x00007ffbbca00000 	C:\Windows\System32\ucrtbase.dll
0x00007ffb91f00000 - 0x00007ffb91f18000 	C:\Program Files\Java\jdk-17.0.4.1\bin\jli.dll
0x00007ffb9fec0000 - 0x00007ffb9feda000 	C:\Program Files\Java\jdk-17.0.4.1\bin\VCRUNTIME140.dll
0x00007ffbbeba0000 - 0x00007ffbbec4e000 	C:\Windows\System32\ADVAPI32.dll
0x00007ffbbeeb0000 - 0x00007ffbbef4e000 	C:\Windows\System32\msvcrt.dll
0x00007ffbbe820000 - 0x00007ffbbe8bc000 	C:\Windows\System32\sechost.dll
0x00007ffbbe6f0000 - 0x00007ffbbe815000 	C:\Windows\System32\RPCRT4.dll
0x00007ffbbecd0000 - 0x00007ffbbee6d000 	C:\Windows\System32\USER32.dll
0x00007ffbaf090000 - 0x00007ffbaf32a000 	C:\Windows\WinSxS\amd64_microsoft.windows.common-controls_6595b64144ccf1df_6.0.19041.1110_none_60b5254171f9507e\COMCTL32.dll
0x00007ffbbee70000 - 0x00007ffbbee9b000 	C:\Windows\System32\GDI32.dll
0x00007ffbbc8d0000 - 0x00007ffbbc8f2000 	C:\Windows\System32\win32u.dll
0x00007ffbbabf0000 - 0x00007ffbbabfa000 	C:\Windows\SYSTEM32\VERSION.dll
0x00007ffbbcef0000 - 0x00007ffbbcfff000 	C:\Windows\System32\gdi32full.dll
0x00007ffbbcd70000 - 0x00007ffbbce0d000 	C:\Windows\System32\msvcp_win.dll
0x00007ffbbe640000 - 0x00007ffbbe672000 	C:\Windows\System32\IMM32.DLL
0x00000271e4210000 - 0x00000271e4224000 	C:\Windows\System32\umppc16105.dll
0x0000000068000000 - 0x0000000068071000 	C:\Windows\System32\QIPCAP64.dll
0x00007ffbbda30000 - 0x00007ffbbe173000 	C:\Windows\System32\SHELL32.dll
0x00007ffbbbb80000 - 0x00007ffbbbc4a000 	C:\Windows\SYSTEM32\DNSAPI.dll
0x00007ffbbbb40000 - 0x00007ffbbbb7b000 	C:\Windows\SYSTEM32\IPHLPAPI.DLL
0x00007ffbbeea0000 - 0x00007ffbbeea8000 	C:\Windows\System32\NSI.dll
0x00007ffbb4e90000 - 0x00007ffbb4e9c000 	C:\Program Files\Java\jdk-17.0.4.1\bin\vcruntime140_1.dll
0x00007ffb8d8f0000 - 0x00007ffb8d97d000 	C:\Program Files\Java\jdk-17.0.4.1\bin\msvcp140.dll
0x00007ffb46500000 - 0x00007ffb470c2000 	C:\Program Files\Java\jdk-17.0.4.1\bin\server\jvm.dll
0x00007ffbbd2f0000 - 0x00007ffbbd2f8000 	C:\Windows\System32\PSAPI.DLL
0x00007ffba6560000 - 0x00007ffba6569000 	C:\Windows\SYSTEM32\WSOCK32.dll
0x00007ffbbe680000 - 0x00007ffbbe6eb000 	C:\Windows\System32\WS2_32.dll
0x00007ffb80090000 - 0x00007ffb800b7000 	C:\Windows\SYSTEM32\WINMM.dll
0x00007ffbbabb0000 - 0x00007ffbbabc2000 	C:\Windows\SYSTEM32\kernel.appcore.dll
0x00007ffbb06f0000 - 0x00007ffbb06fa000 	C:\Program Files\Java\jdk-17.0.4.1\bin\jimage.dll
0x00007ffbba040000 - 0x00007ffbba224000 	C:\Windows\SYSTEM32\DBGHELP.DLL
0x00007ffbaf3b0000 - 0x00007ffbaf3dc000 	C:\Windows\SYSTEM32\dbgcore.DLL
0x00000271e5d90000 - 0x00000271e5e12000 	C:\Windows\System32\bcryptPrimitives.dll
0x00007ffb91510000 - 0x00007ffb9151e000 	C:\Program Files\Java\jdk-17.0.4.1\bin\instrument.dll
0x00007ffb91f20000 - 0x00007ffb91f45000 	C:\Program Files\Java\jdk-17.0.4.1\bin\java.dll
0x00007ffb83160000 - 0x00007ffb83236000 	C:\Program Files\Java\jdk-17.0.4.1\bin\jsvml.dll
0x00007ffbbad80000 - 0x00007ffbbb512000 	C:\Windows\SYSTEM32\windows.storage.dll
0x00007ffbbe2e0000 - 0x00007ffbbe634000 	C:\Windows\System32\combase.dll
0x00007ffbbc0f0000 - 0x00007ffbbc120000 	C:\Windows\SYSTEM32\Wldp.dll
0x00007ffbbd240000 - 0x00007ffbbd2ed000 	C:\Windows\System32\SHCORE.dll
0x00007ffbbe180000 - 0x00007ffbbe1d5000 	C:\Windows\System32\shlwapi.dll
0x00007ffbbc6b0000 - 0x00007ffbbc6cf000 	C:\Windows\SYSTEM32\profapi.dll
0x00007ffb91750000 - 0x00007ffb91768000 	C:\Program Files\Java\jdk-17.0.4.1\bin\zip.dll
0x00007ffb91ed0000 - 0x00007ffb91ee9000 	C:\Program Files\Java\jdk-17.0.4.1\bin\net.dll
0x00007ffbbb6f0000 - 0x00007ffbbb7fc000 	C:\Windows\SYSTEM32\WINHTTP.dll
0x00007ffbbbe50000 - 0x00007ffbbbeba000 	C:\Windows\system32\mswsock.dll
0x00007ffb91e10000 - 0x00007ffb91e26000 	C:\Program Files\Java\jdk-17.0.4.1\bin\nio.dll
0x00007ffb8cf30000 - 0x00007ffb8cf4a000 	C:\Program Files\JetBrains\IntelliJ IDEA Community Edition 2022.2.3\bin\breakgen64.dll
0x00007ffbb4ea0000 - 0x00007ffbb4eb0000 	C:\Program Files\Java\jdk-17.0.4.1\bin\verify.dll
0x00007ffb9fe30000 - 0x00007ffb9fe39000 	C:\Program Files\Java\jdk-17.0.4.1\bin\management.dll
0x00007ffb96a70000 - 0x00007ffb96a7b000 	C:\Program Files\Java\jdk-17.0.4.1\bin\management_ext.dll
0x00007ffbabb30000 - 0x00007ffbabb47000 	C:\Windows\system32\napinsp.dll
0x00007ffbabb10000 - 0x00007ffbabb2b000 	C:\Windows\system32\pnrpnsp.dll
0x00007ffbabaf0000 - 0x00007ffbabb05000 	C:\Windows\system32\wshbth.dll
0x00007ffbb3c30000 - 0x00007ffbb3c4d000 	C:\Windows\system32\NLAapi.dll
0x00007ffbabb50000 - 0x00007ffbabb62000 	C:\Windows\System32\winrnr.dll
0x00007ffbb3240000 - 0x00007ffbb324a000 	C:\Windows\System32\rasadhlp.dll
0x00007ffbb68d0000 - 0x00007ffbb6950000 	C:\Windows\System32\fwpuclnt.dll
0x00007ffbbcec0000 - 0x00007ffbbcee7000 	C:\Windows\System32\bcrypt.dll

dbghelp: loaded successfully - version: 4.0.5 - missing functions: none
symbol engine: initialized successfully - sym options: 0x614 - pdb path: .;C:\Program Files\Java\jdk-17.0.4.1\bin;C:\Windows\SYSTEM32;C:\Windows\WinSxS\amd64_microsoft.windows.common-controls_6595b64144ccf1df_6.0.19041.1110_none_60b5254171f9507e;C:\Program Files\Java\jdk-17.0.4.1\bin\server;C:\Program Files\JetBrains\IntelliJ IDEA Community Edition 2022.2.3\bin

VM Arguments:
jvm_args: -javaagent:C:\Program Files\JetBrains\IntelliJ IDEA Community Edition 2022.2.3\lib\idea_rt.jar=60325:C:\Program Files\JetBrains\IntelliJ IDEA Community Edition 2022.2.3\bin -Dfile.encoding=UTF-8 
java_command: com.jiomart.shop.JioMartApplication
java_class_path (initial): C:\Users\10709314\Downloads\demo\JioMart\target\classes;C:\Users\10709314\.m2\repository\org\springframework\boot\spring-boot-starter-data-jdbc\2.7.5\spring-boot-starter-data-jdbc-2.7.5.jar;C:\Users\10709314\.m2\repository\org\springframework\boot\spring-boot-starter-jdbc\2.7.5\spring-boot-starter-jdbc-2.7.5.jar;C:\Users\10709314\.m2\repository\com\zaxxer\HikariCP\4.0.3\HikariCP-4.0.3.jar;C:\Users\10709314\.m2\repository\org\springframework\spring-jdbc\5.3.23\spring-jdbc-5.3.23.jar;C:\Users\10709314\.m2\repository\org\springframework\data\spring-data-jdbc\2.4.5\spring-data-jdbc-2.4.5.jar;C:\Users\10709314\.m2\repository\org\springframework\data\spring-data-relational\2.4.5\spring-data-relational-2.4.5.jar;C:\Users\10709314\.m2\repository\org\springframework\data\spring-data-commons\2.7.5\spring-data-commons-2.7.5.jar;C:\Users\10709314\.m2\repository\org\springframework\spring-tx\5.3.23\spring-tx-5.3.23.jar;C:\Users\10709314\.m2\repository\org\springframework\spring-context\5.3.23\spring-context-5.3.23.jar;C:\Users\10709314\.m2\repository\org\springframework\spring-beans\5.3.23\spring-beans-5.3.23.jar;C:\Users\10709314\.m2\repository\org\slf4j\slf4j-api\1.7.36\slf4j-api-1.7.36.jar;C:\Users\10709314\.m2\repository\org\springframework\boot\spring-boot-starter-data-jpa\2.7.5\spring-boot-starter-data-jpa-2.7.5.jar;C:\Users\10709314\.m2\repository\org\springframework\boot\spring-boot-starter-aop\2.7.5\spring-boot-starter-aop-2.7.5.jar;C:\Users\10709314\.m2\repository\org\springframework\spring-aop\5.3.23\spring-aop-5.3.23.jar;C:\Users\10709314\.m2\repository\org\aspectj\aspectjweaver\1.9.7\aspectjweaver-1.9.7.jar;C:\Users\10709314\.m2\repository\jakarta\transaction\jakarta.transaction-api\1.3.3\jakarta.transaction-api-1.3.3.jar;C:\Users\10709314\.m2\repository\jakarta\persistence\jakarta.persistence-api\2.2.3\jakarta.persistence-api-2.2.3.jar;C:\Users\10709314\.m2\repository\org\hibernate\hibernate-core\5.6.12.Final\hibernate-core-5.6.12.Final
Launcher Type: SUN_STANDARD

[Global flags]
     intx CICompilerCount                          = 12                                        {product} {ergonomic}
     uint ConcGCThreads                            = 3                                         {product} {ergonomic}
     uint G1ConcRefinementThreads                  = 13                                        {product} {ergonomic}
   size_t G1HeapRegionSize                         = 8388608                                   {product} {ergonomic}
    uintx GCDrainStackTargetSize                   = 64                                        {product} {ergonomic}
   size_t InitialHeapSize                          = 1073741824                                {product} {ergonomic}
   size_t MarkStackSize                            = 4194304                                   {product} {ergonomic}
   size_t MaxHeapSize                              = 17179869184                               {product} {ergonomic}
   size_t MaxNewSize                               = 10301210624                               {product} {ergonomic}
   size_t MinHeapDeltaBytes                        = 8388608                                   {product} {ergonomic}
   size_t MinHeapSize                              = 8388608                                   {product} {ergonomic}
    uintx NonNMethodCodeHeapSize                   = 7602480                                {pd product} {ergonomic}
    uintx NonProfiledCodeHeapSize                  = 122027880                              {pd product} {ergonomic}
    uintx ProfiledCodeHeapSize                     = 122027880                              {pd product} {ergonomic}
    uintx ReservedCodeCacheSize                    = 251658240                              {pd product} {ergonomic}
     bool SegmentedCodeCache                       = true                                      {product} {ergonomic}
   size_t SoftMaxHeapSize                          = 17179869184                            {manageable} {ergonomic}
     bool UseCompressedClassPointers               = true                           {product lp64_product} {ergonomic}
     bool UseCompressedOops                        = true                           {product lp64_product} {ergonomic}
     bool UseG1GC                                  = true                                      {product} {ergonomic}
     bool UseLargePagesIndividualAllocation        = false                                  {pd product} {ergonomic}

Logging:
Log output configuration:
 #0: stdout all=warning uptime,level,tags
 #1: stderr all=off uptime,level,tags

Environment Variables:
JAVA_HOME=C:\Program Files\Java\jdk-17.0.4.1
PATH=C:\app\WVDIAdmin\product\21c\dbhomeXE\bin;C:\Program Files\Common Files\Oracle\Java\javapath;C:\Program Files\Common Files\Microsoft Shared\Microsoft Online Services;C:\Program Files (x86)\Common Files\Microsoft Shared\Microsoft Online Services;C:\Windows\system32;C:\Windows;C:\Windows\System32\Wbem;C:\Windows\System32\WindowsPowerShell\v1.0\;C:\Windows\System32\OpenSSH\;C:\Program Files\TortoiseSVN\bin;C:\Program Files (x86)\Sennheiser\SoftphoneSDK\;C:\Program Files\PuTTY\;C:\Program Files\Java\jdk-17.0.2\bin;C:\Software\spring-boot-cli-1.3.0.M1-bin\spring-1.3.0.M1\bin;C:\Program Files\nodejs\;C:\Program Files\apache-maven-3.8.6\bin;C:\Program Files\Git\cmd;C:\Program Files\Microsoft VS Code\bin;C:\Users\10709314\AppData\Local\Microsoft\WindowsApps;C:\Users\10709314\AppData\Roaming\npm;
USERNAME=10709314
OS=Windows_NT
PROCESSOR_IDENTIFIER=Intel64 Family 6 Model 85 Stepping 7, GenuineIntel



---------------  S Y S T E M  ---------------

OS:
 Windows Server 2019 , 64 bit Build 19041 (10.0.19041.2251)
OS uptime: 0 days 8:31 hours
Hyper-V virtualization detected

CPU: total 16 (initial active 16) (8 cores per cpu, 2 threads per core) family 6 model 85 stepping 7 microcode 0xffffffff, cx8, cmov, fxsr, ht, mmx, 3dnowpref, sse, sse2, sse3, ssse3, sse4.1, sse4.2, popcnt, lzcnt, tsc, avx, avx2, aes, erms, clmul, bmi1, bmi2, rtm, adx, avx512f, avx512dq, avx512cd, avx512bw, avx512vl, fma, vzeroupper, clflush, clflushopt, hv

Memory: 4k page, system-wide physical 65534M (23940M free)
TotalPageFile size 81918M (AvailPageFile size 8M)
current process WorkingSet (physical memory assigned to process): 144M, peak: 144M
current process commit charge ("private bytes"): 1203M, peak: 1203M

vm_info: Java HotSpot(TM) 64-Bit Server VM (17.0.4.1+1-LTS-2) for windows-amd64 JRE (17.0.4.1+1-LTS-2), built on Aug 16 2022 18:32:06 by "mach5one" with MS VC++ 16.8 / 16.9 (VS2019)

END.
