#
# There is insufficient memory for the Java Runtime Environment to continue.
# Native memory allocation (mmap) failed to map 1073741824 bytes for G1 virtual space
# Possible reasons:
#   The system is out of physical RAM or swap space
#   The process is running with CompressedOops enabled, and the Java Heap may be blocking the growth of the native heap
# Possible solutions:
#   Reduce memory load on the system
#   Increase physical memory or swap space
#   Check if swap backing store is full
#   Decrease Java heap size (-Xmx/-Xms)
#   Decrease number of Java threads
#   Decrease Java thread stack sizes (-Xss)
#   Set larger code cache with -XX:ReservedCodeCacheSize=
#   JVM is running with Zero Based Compressed Oops mode in which the Java heap is
#     placed in the first 32GB address space. The Java Heap base address is the
#     maximum limit for the native heap growth. Please use -XX:HeapBaseMinAddress
#     to set the Java Heap base and to place the Java Heap above 32GB virtual address.
# This output file may be truncated or incomplete.
#
#  Out of Memory Error (os_windows.cpp:3535), pid=192, tid=7988
#
# JRE version:  (17.0.4.1+1) (build )
# Java VM: Java HotSpot(TM) 64-Bit Server VM (17.0.4.1+1-LTS-2, mixed mode, sharing, tiered, compressed oops, compressed class ptrs, g1 gc, windows-amd64)
# Core dump will be written. Default location: C:\Users\10709314\Downloads\demo\JioMart\hs_err_pid192.mdmp
#

---------------  S U M M A R Y ------------

Command Line: -javaagent:C:\Program Files\JetBrains\IntelliJ IDEA Community Edition 2022.2.3\lib\idea_rt.jar=62793:C:\Program Files\JetBrains\IntelliJ IDEA Community Edition 2022.2.3\bin -Dfile.encoding=UTF-8 com.jiomart.shop.JioMartApplication

Host: Intel(R) Xeon(R) Platinum 8272CL CPU @ 2.60GHz, 16 cores, 63G,  Windows Server 2019 , 64 bit Build 19041 (10.0.19041.2251)
Time: Mon Dec 19 17:18:31 2022 India Standard Time elapsed time: 0.057068 seconds (0d 0h 0m 0s)

---------------  T H R E A D  ---------------

Current thread (0x0000023e97414ca0):  JavaThread "Unknown thread" [_thread_in_vm, id=7988, stack(0x000000761c100000,0x000000761c200000)]

Stack: [0x000000761c100000,0x000000761c200000]
Native frames: (J=compiled Java code, j=interpreted, Vv=VM code, C=native code)
V  [jvm.dll+0x6723ba]
V  [jvm.dll+0x7d1e34]
V  [jvm.dll+0x7d35de]
V  [jvm.dll+0x7d3c43]
V  [jvm.dll+0x243065]
V  [jvm.dll+0x66f2d9]
V  [jvm.dll+0x663c22]
V  [jvm.dll+0x3011cb]
V  [jvm.dll+0x308766]
V  [jvm.dll+0x35846e]
V  [jvm.dll+0x35869f]
V  [jvm.dll+0x2d83e8]
V  [jvm.dll+0x2d9354]
V  [jvm.dll+0x7a3911]
V  [jvm.dll+0x3662c1]
V  [jvm.dll+0x782d7c]
V  [jvm.dll+0x3e8c1f]
V  [jvm.dll+0x3ea6c1]
C  [jli.dll+0x527b]
C  [ucrtbase.dll+0x21bb2]
C  [KERNEL32.DLL+0x174b4]
C  [ntdll.dll+0x526a1]


---------------  P R O C E S S  ---------------

Threads class SMR info:
_java_thread_list=0x00007ffb46f9a858, length=0, elements={
}

Java Threads: ( => current thread )

Other Threads:
  0x0000023eae5717f0 GCTaskThread "GC Thread#0" [stack: 0x000000761c200000,0x000000761c300000] [id=41140]
  0x0000023e974973c0 ConcurrentGCThread "G1 Main Marker" [stack: 0x000000761c300000,0x000000761c400000] [id=83096]
  0x0000023e97498480 ConcurrentGCThread "G1 Conc#0" [stack: 0x000000761c400000,0x000000761c500000] [id=70164]

[error occurred during error reporting (printing all threads), id 0xc0000005, EXCEPTION_ACCESS_VIOLATION (0xc0000005) at pc=0x00007ffb467e8dd7]

VM state: not at safepoint (not fully initialized)

VM Mutex/Monitor currently owned by a thread:  ([mutex/lock_event])
[0x0000023e97410610] Heap_lock - owner thread: 0x0000023e97414ca0

Heap address: 0x0000000400000000, size: 16384 MB, Compressed Oops mode: Zero based, Oop shift amount: 3

CDS archive(s) mapped at: [0x0000000000000000-0x0000000000000000-0x0000000000000000), size 0, SharedBaseAddress: 0x0000000800000000, ArchiveRelocationMode: 0.
Narrow klass base: 0x0000000000000000, Narrow klass shift: 0, Narrow klass range: 0x0

GC Precious Log:
<Empty>

Heap:
 garbage-first heap   total 0K, used 0K [0x0000000400000000, 0x0000000800000000)
  region size 8192K, 0 young (0K), 0 survivors (0K)

[error occurred during error reporting (printing heap information), id 0xc0000005, EXCEPTION_ACCESS_VIOLATION (0xc0000005) at pc=0x00007ffb46bcb869]

GC Heap History (0 events):
No events

Deoptimization events (0 events):
No events

Classes unloaded (0 events):
No events

Classes redefined (0 events):
No events

Internal exceptions (0 events):
No events

VM Operations (0 events):
No events

Events (1 events):
Event: 0.031 Loaded shared library C:\Program Files\Java\jdk-17.0.4.1\bin\java.dll


Dynamic libraries:
0x00007ff683730000 - 0x00007ff683740000 	C:\Program Files\Java\jdk-17.0.4.1\bin\java.exe
0x00007ffbbf070000 - 0x00007ffbbf268000 	C:\Windows\SYSTEM32\ntdll.dll
0x00007ffbbef50000 - 0x00007ffbbf00f000 	C:\Windows\System32\KERNEL32.DLL
0x00007ffbbca90000 - 0x00007ffbbcd62000 	C:\Windows\System32\KERNELBASE.dll
0x00007ffbbc900000 - 0x00007ffbbca00000 	C:\Windows\System32\ucrtbase.dll
0x00007ffb9fec0000 - 0x00007ffb9feda000 	C:\Program Files\Java\jdk-17.0.4.1\bin\VCRUNTIME140.dll
0x00007ffb91f00000 - 0x00007ffb91f18000 	C:\Program Files\Java\jdk-17.0.4.1\bin\jli.dll
0x00007ffbbeba0000 - 0x00007ffbbec4e000 	C:\Windows\System32\ADVAPI32.dll
0x00007ffbbeeb0000 - 0x00007ffbbef4e000 	C:\Windows\System32\msvcrt.dll
0x00007ffbbe820000 - 0x00007ffbbe8bc000 	C:\Windows\System32\sechost.dll
0x00007ffbbe6f0000 - 0x00007ffbbe815000 	C:\Windows\System32\RPCRT4.dll
0x00007ffbbecd0000 - 0x00007ffbbee6d000 	C:\Windows\System32\USER32.dll
0x00007ffbaf090000 - 0x00007ffbaf32a000 	C:\Windows\WinSxS\amd64_microsoft.windows.common-controls_6595b64144ccf1df_6.0.19041.1110_none_60b5254171f9507e\COMCTL32.dll
0x00007ffbbc8d0000 - 0x00007ffbbc8f2000 	C:\Windows\System32\win32u.dll
0x00007ffbbee70000 - 0x00007ffbbee9b000 	C:\Windows\System32\GDI32.dll
0x00007ffbbcef0000 - 0x00007ffbbcfff000 	C:\Windows\System32\gdi32full.dll
0x00007ffbbabf0000 - 0x00007ffbbabfa000 	C:\Windows\SYSTEM32\VERSION.dll
0x00007ffbbcd70000 - 0x00007ffbbce0d000 	C:\Windows\System32\msvcp_win.dll
0x00007ffbbe640000 - 0x00007ffbbe672000 	C:\Windows\System32\IMM32.DLL
0x0000023e951d0000 - 0x0000023e951e4000 	C:\Windows\System32\umppc16105.dll
0x0000000068000000 - 0x0000000068071000 	C:\Windows\System32\QIPCAP64.dll
0x00007ffbbda30000 - 0x00007ffbbe173000 	C:\Windows\System32\SHELL32.dll
0x00007ffbbbb80000 - 0x00007ffbbbc4a000 	C:\Windows\SYSTEM32\DNSAPI.dll
0x00007ffbbbb40000 - 0x00007ffbbbb7b000 	C:\Windows\SYSTEM32\IPHLPAPI.DLL
0x00007ffbbeea0000 - 0x00007ffbbeea8000 	C:\Windows\System32\NSI.dll
0x00007ffbb4e90000 - 0x00007ffbb4e9c000 	C:\Program Files\Java\jdk-17.0.4.1\bin\vcruntime140_1.dll
0x00007ffb8d8f0000 - 0x00007ffb8d97d000 	C:\Program Files\Java\jdk-17.0.4.1\bin\msvcp140.dll
0x00007ffb46500000 - 0x00007ffb470c2000 	C:\Program Files\Java\jdk-17.0.4.1\bin\server\jvm.dll
0x00007ffbbd2f0000 - 0x00007ffbbd2f8000 	C:\Windows\System32\PSAPI.DLL
0x00007ffba6560000 - 0x00007ffba6569000 	C:\Windows\SYSTEM32\WSOCK32.dll
0x00007ffbbe680000 - 0x00007ffbbe6eb000 	C:\Windows\System32\WS2_32.dll
0x00007ffb80090000 - 0x00007ffb800b7000 	C:\Windows\SYSTEM32\WINMM.dll
0x00007ffbbabb0000 - 0x00007ffbbabc2000 	C:\Windows\SYSTEM32\kernel.appcore.dll
0x00007ffbb06f0000 - 0x00007ffbb06fa000 	C:\Program Files\Java\jdk-17.0.4.1\bin\jimage.dll
0x00007ffbba040000 - 0x00007ffbba224000 	C:\Windows\SYSTEM32\DBGHELP.DLL
0x00007ffbaf3b0000 - 0x00007ffbaf3dc000 	C:\Windows\SYSTEM32\dbgcore.DLL
0x0000023e96b30000 - 0x0000023e96bb2000 	C:\Windows\System32\bcryptPrimitives.dll
0x00007ffb91510000 - 0x00007ffb9151e000 	C:\Program Files\Java\jdk-17.0.4.1\bin\instrument.dll
0x00007ffb91f20000 - 0x00007ffb91f45000 	C:\Program Files\Java\jdk-17.0.4.1\bin\java.dll

dbghelp: loaded successfully - version: 4.0.5 - missing functions: none
symbol engine: initialized successfully - sym options: 0x614 - pdb path: .;C:\Program Files\Java\jdk-17.0.4.1\bin;C:\Windows\SYSTEM32;C:\Windows\WinSxS\amd64_microsoft.windows.common-controls_6595b64144ccf1df_6.0.19041.1110_none_60b5254171f9507e;C:\Program Files\Java\jdk-17.0.4.1\bin\server

VM Arguments:
jvm_args: -javaagent:C:\Program Files\JetBrains\IntelliJ IDEA Community Edition 2022.2.3\lib\idea_rt.jar=62793:C:\Program Files\JetBrains\IntelliJ IDEA Community Edition 2022.2.3\bin -Dfile.encoding=UTF-8 
java_command: com.jiomart.shop.JioMartApplication
java_class_path (initial): C:\Users\10709314\Downloads\demo\JioMart\target\classes;C:\Users\10709314\.m2\repository\org\springframework\boot\spring-boot-starter-data-jdbc\2.7.5\spring-boot-starter-data-jdbc-2.7.5.jar;C:\Users\10709314\.m2\repository\org\springframework\boot\spring-boot-starter-jdbc\2.7.5\spring-boot-starter-jdbc-2.7.5.jar;C:\Users\10709314\.m2\repository\com\zaxxer\HikariCP\4.0.3\HikariCP-4.0.3.jar;C:\Users\10709314\.m2\repository\org\springframework\spring-jdbc\5.3.23\spring-jdbc-5.3.23.jar;C:\Users\10709314\.m2\repository\org\springframework\data\spring-data-jdbc\2.4.5\spring-data-jdbc-2.4.5.jar;C:\Users\10709314\.m2\repository\org\springframework\data\spring-data-relational\2.4.5\spring-data-relational-2.4.5.jar;C:\Users\10709314\.m2\repository\org\springframework\data\spring-data-commons\2.7.5\spring-data-commons-2.7.5.jar;C:\Users\10709314\.m2\repository\org\springframework\spring-tx\5.3.23\spring-tx-5.3.23.jar;C:\Users\10709314\.m2\repository\org\springframework\spring-context\5.3.23\spring-context-5.3.23.jar;C:\Users\10709314\.m2\repository\org\springframework\spring-beans\5.3.23\spring-beans-5.3.23.jar;C:\Users\10709314\.m2\repository\org\slf4j\slf4j-api\1.7.36\slf4j-api-1.7.36.jar;C:\Users\10709314\.m2\repository\org\springframework\boot\spring-boot-starter-data-jpa\2.7.5\spring-boot-starter-data-jpa-2.7.5.jar;C:\Users\10709314\.m2\repository\org\springframework\boot\spring-boot-starter-aop\2.7.5\spring-boot-starter-aop-2.7.5.jar;C:\Users\10709314\.m2\repository\org\springframework\spring-aop\5.3.23\spring-aop-5.3.23.jar;C:\Users\10709314\.m2\repository\org\aspectj\aspectjweaver\1.9.7\aspectjweaver-1.9.7.jar;C:\Users\10709314\.m2\repository\jakarta\transaction\jakarta.transaction-api\1.3.3\jakarta.transaction-api-1.3.3.jar;C:\Users\10709314\.m2\repository\jakarta\persistence\jakarta.persistence-api\2.2.3\jakarta.persistence-api-2.2.3.jar;C:\Users\10709314\.m2\repository\org\hibernate\hibernate-core\5.6.12.Final\hibernate-core-5.6.12.Final
Launcher Type: SUN_STANDARD

[Global flags]
     intx CICompilerCount                          = 12                                        {product} {ergonomic}
     uint ConcGCThreads                            = 3                                         {product} {ergonomic}
     uint G1ConcRefinementThreads                  = 13                                        {product} {ergonomic}
   size_t G1HeapRegionSize                         = 8388608                                   {product} {ergonomic}
    uintx GCDrainStackTargetSize                   = 64                                        {product} {ergonomic}
   size_t InitialHeapSize                          = 1073741824                                {product} {ergonomic}
   size_t MarkStackSize                            = 4194304                                   {product} {ergonomic}
   size_t MaxHeapSize                              = 17179869184                               {product} {ergonomic}
   size_t MinHeapDeltaBytes                        = 8388608                                   {product} {ergonomic}
   size_t MinHeapSize                              = 8388608                                   {product} {ergonomic}
    uintx NonNMethodCodeHeapSize                   = 7602480                                {pd product} {ergonomic}
    uintx NonProfiledCodeHeapSize                  = 122027880                              {pd product} {ergonomic}
    uintx ProfiledCodeHeapSize                     = 122027880                              {pd product} {ergonomic}
    uintx ReservedCodeCacheSize                    = 251658240                              {pd product} {ergonomic}
     bool SegmentedCodeCache                       = true                                      {product} {ergonomic}
   size_t SoftMaxHeapSize                          = 17179869184                            {manageable} {ergonomic}
     bool UseCompressedClassPointers               = true                           {product lp64_product} {ergonomic}
     bool UseCompressedOops                        = true                           {product lp64_product} {ergonomic}
     bool UseG1GC                                  = true                                      {product} {ergonomic}
     bool UseLargePagesIndividualAllocation        = false                                  {pd product} {ergonomic}

Logging:
Log output configuration:
 #0: stdout all=warning uptime,level,tags
 #1: stderr all=off uptime,level,tags

Environment Variables:
JAVA_HOME=C:\Program Files\Java\jdk-17.0.4.1
PATH=C:\app\WVDIAdmin\product\21c\dbhomeXE\bin;C:\Program Files\Common Files\Oracle\Java\javapath;C:\Program Files\Common Files\Microsoft Shared\Microsoft Online Services;C:\Program Files (x86)\Common Files\Microsoft Shared\Microsoft Online Services;C:\Windows\system32;C:\Windows;C:\Windows\System32\Wbem;C:\Windows\System32\WindowsPowerShell\v1.0\;C:\Windows\System32\OpenSSH\;C:\Program Files\TortoiseSVN\bin;C:\Program Files (x86)\Sennheiser\SoftphoneSDK\;C:\Program Files\PuTTY\;C:\Program Files\Java\jdk-17.0.2\bin;C:\Software\spring-boot-cli-1.3.0.M1-bin\spring-1.3.0.M1\bin;C:\Program Files\nodejs\;C:\Program Files\apache-maven-3.8.6\bin;C:\Program Files\Git\cmd;C:\Program Files\Microsoft VS Code\bin;C:\Users\10709314\AppData\Local\Microsoft\WindowsApps;C:\Users\10709314\AppData\Roaming\npm;
USERNAME=10709314
OS=Windows_NT
PROCESSOR_IDENTIFIER=Intel64 Family 6 Model 85 Stepping 7, GenuineIntel



---------------  S Y S T E M  ---------------

OS:
 Windows Server 2019 , 64 bit Build 19041 (10.0.19041.2251)
OS uptime: 0 days 8:40 hours
Hyper-V virtualization detected

CPU: total 16 (initial active 16) (8 cores per cpu, 2 threads per core) family 6 model 85 stepping 7 microcode 0xffffffff, cx8, cmov, fxsr, ht, mmx, 3dnowpref, sse, sse2, sse3, ssse3, sse4.1, sse4.2, popcnt, lzcnt, tsc, avx, avx2, aes, erms, clmul, bmi1, bmi2, rtm, adx, avx512f, avx512dq, avx512cd, avx512bw, avx512vl, fma, vzeroupper, clflush, clflushopt, hv

Memory: 4k page, system-wide physical 65534M (25269M free)
TotalPageFile size 81918M (AvailPageFile size 915M)
current process WorkingSet (physical memory assigned to process): 12M, peak: 12M
current process commit charge ("private bytes"): 72M, peak: 1095M

vm_info: Java HotSpot(TM) 64-Bit Server VM (17.0.4.1+1-LTS-2) for windows-amd64 JRE (17.0.4.1+1-LTS-2), built on Aug 16 2022 18:32:06 by "mach5one" with MS VC++ 16.8 / 16.9 (VS2019)

END.
